[debug] [2018-09-10T22:11:22.563Z] ----------------------------------------------------------------------
[debug] [2018-09-10T22:11:22.565Z] Command:       /usr/local/bin/node /usr/local/bin/firebase deploy
[debug] [2018-09-10T22:11:22.565Z] CLI Version:   4.2.1
[debug] [2018-09-10T22:11:22.565Z] Platform:      darwin
[debug] [2018-09-10T22:11:22.565Z] Node Version:  v8.11.3
[debug] [2018-09-10T22:11:22.565Z] Time:          Tue Sep 11 2018 00:11:22 GMT+0200 (CEST)
[debug] [2018-09-10T22:11:22.565Z] ----------------------------------------------------------------------
[debug] 
[debug] [2018-09-10T22:11:22.574Z] > command requires scopes: ["email","openid","https://www.googleapis.com/auth/cloudplatformprojects.readonly","https://www.googleapis.com/auth/firebase","https://www.googleapis.com/auth/cloud-platform"]
[debug] [2018-09-10T22:11:22.574Z] > authorizing via signed-in user
[debug] [2018-09-10T22:11:22.576Z] >>> HTTP REQUEST GET https://admin.firebase.com/v1/projects/uuid-fth  
 
[debug] [2018-09-10T22:11:23.201Z] <<< HTTP RESPONSE 200
[info] 
[info] === Deploying to 'uuid-fth'...
[info] 
[info] i  deploying functions, hosting
[debug] [2018-09-10T22:11:25.380Z] > [functions] package.json contents: {
  "name": "functions",
  "description": "Cloud Functions for Firebase",
  "scripts": {
    "serve": "firebase serve --only functions",
    "shell": "firebase functions:shell",
    "start": "npm run shell",
    "deploy": "firebase deploy --only functions",
    "logs": "firebase functions:log"
  },
  "dependencies": {
    "firebase-admin": "~6.0.0",
    "firebase-functions": "^2.0.3",
    "ghost": "file:ghost"
  },
  "private": true
}
[info] i  functions: ensuring necessary APIs are enabled...
[debug] [2018-09-10T22:11:25.380Z] >>> HTTP REQUEST GET https://servicemanagement.googleapis.com/v1/services/cloudfunctions.googleapis.com/projectSettings/uuid-fth?view=CONSUMER_VIEW  
 
[debug] [2018-09-10T22:11:25.381Z] >>> HTTP REQUEST GET https://servicemanagement.googleapis.com/v1/services/runtimeconfig.googleapis.com/projectSettings/uuid-fth?view=CONSUMER_VIEW  
 
[debug] [2018-09-10T22:11:26.669Z] <<< HTTP RESPONSE 200
[debug] [2018-09-10T22:11:26.757Z] <<< HTTP RESPONSE 200
[info] ✔  functions: all necessary APIs are enabled
[debug] [2018-09-10T22:11:26.758Z] >>> HTTP REQUEST GET https://cloudresourcemanager.googleapis.com/v1/projects/uuid-fth  
 
[debug] [2018-09-10T22:11:27.658Z] <<< HTTP RESPONSE 200
[debug] [2018-09-10T22:11:27.658Z] >>> HTTP REQUEST GET https://mobilesdk-pa.googleapis.com/v1/projects/763119890390:getServerAppConfig  
 
[debug] [2018-09-10T22:11:28.555Z] <<< HTTP RESPONSE 200
[debug] [2018-09-10T22:11:28.556Z] >>> HTTP REQUEST POST https://firebasehosting.googleapis.com/v1beta1/sites/uuid-fth/versions  

[debug] [2018-09-10T22:11:29.903Z] <<< HTTP RESPONSE 200
[info] i  functions: preparing functions directory for uploading...
[debug] [2018-09-10T22:11:29.905Z] >>> HTTP REQUEST GET https://runtimeconfig.googleapis.com/v1beta1/projects/uuid-fth/configs  
 
[debug] [2018-09-10T22:11:30.233Z] <<< HTTP RESPONSE 200
[info] i  functions: packaged functions (2.57 MB) for uploading
[debug] [2018-09-10T22:11:31.398Z] >>> HTTP REQUEST POST https://cloudfunctions.googleapis.com/v1/projects/uuid-fth/locations/us-central1/functions:generateUploadUrl  
 
[debug] [2018-09-10T22:11:31.692Z] <<< HTTP RESPONSE 200
[debug] [2018-09-10T22:11:31.693Z] >>> HTTP REQUEST PUT https://storage.googleapis.com/gcf-upload-us-central1-9150a1dd-c7ec-44f3-8a23-6e9999ef2957/862d080d-628c-4f69-b5cc-0c48b3e86d77.zip?GoogleAccessId=service-763119890390@gcf-admin-robot.iam.gserviceaccount.com&Expires=1536619291&Signature=M7pGwnLpkB1yp%2FAe%2BgL1U9dAPKAzrW%2B4%2Fph6MqjnfxOEsqghiIl%2FhrJ2QgZ5WHGhvSQZkpBL4ec8PuocpMo5m0cAhbiI9KvInPNuKNbVCGcnYD8Wom4qq%2FB3Vm2cWVvyNElffvq%2B7Biuny8TcjK4EG0S%2B99%2FBhAoQXAq5hT4WoixXEiWd5AUtOX1m%2B3JQoKJqmrvMsjDTAHM0YPuJhn6D%2Bn%2FiRC6o0pCmM0amX0jCL2cPeyGCH%2FXOSWEO5jEWva5OLwfhyzrv%2F8BoljKz608zrZdDR0jopkIhYDSNCkSij%2FTm9NzjZRnBryczEqnDAuoynewm060%2Bc%2F0npQYxP4PbQ%3D%3D  

[debug] [2018-09-10T22:11:35.968Z] <<< HTTP RESPONSE 200
[info] ✔  functions: functions folder uploaded successfully
[info] i  hosting[uuid-fth]: beginning deploy...
[info] i  hosting[uuid-fth]: found 2 files in public
[debug] [2018-09-10T22:11:35.976Z] [hosting] hash cache [cHVibGlj] stored for 2 files
[debug] [2018-09-10T22:11:35.977Z] [hosting][hash queue][FINAL]
[debug] [2018-09-10T22:11:35.977Z] >>> HTTP REQUEST POST https://firebasehosting.googleapis.com/v1beta1/sites/uuid-fth/versions/fe1df416f6235a14:populateFiles  
 <request body omitted>
[debug] [2018-09-10T22:11:37.121Z] <<< HTTP RESPONSE 200
[debug] [2018-09-10T22:11:37.121Z] [hosting][populate queue][FINAL]
[debug] [2018-09-10T22:11:37.121Z] [hosting] uploads queued: 0
[debug] [2018-09-10T22:11:37.122Z] [hosting][upload queue][FINAL]
[info] ✔  hosting[uuid-fth]: file upload complete
[debug] [2018-09-10T22:11:37.122Z] [hosting] deploy completed after 1153ms
[debug] [2018-09-10T22:11:37.124Z] >>> HTTP REQUEST GET https://cloudfunctions.googleapis.com/v1/projects/uuid-fth/locations/-/functions  
 
[debug] [2018-09-10T22:11:37.653Z] <<< HTTP RESPONSE 200
[info] i  functions: updating Node.js 6 function ghost(us-central1)...
[debug] [2018-09-10T22:11:37.656Z] Trigger is:  {"httpsTrigger":{}}
[info] 
The following functions are found in your project but do not exist in your local source code:
	helloWorld(us-central1)

If you are renaming a function or changing its region, it is recommended that you create the new function first before deleting the old one to prevent event loss. For more info, visit https://firebase.google.com/docs/functions/manage-functions#modify

[info] i  functions: deleting function helloWorld(us-central1)...
[debug] [2018-09-10T22:13:19.492Z] >>> HTTP REQUEST PATCH https://cloudfunctions.googleapis.com/v1/projects/uuid-fth/locations/us-central1/functions/ghost 
query params: {"updateMask":"sourceUploadUrl,name,labels,httpsTrigger"} 

[debug] [2018-09-10T22:13:19.494Z] >>> HTTP REQUEST DELETE https://cloudfunctions.googleapis.com/v1/projects/uuid-fth/locations/us-central1/functions/helloWorld  
 
[debug] [2018-09-10T22:13:19.734Z] <<< HTTP RESPONSE 200
[debug] [2018-09-10T22:13:19.904Z] <<< HTTP RESPONSE 200
[debug] [2018-09-10T22:13:19.906Z] >>> HTTP REQUEST GET https://cloudfunctions.googleapis.com/v1/projects/uuid-fth/locations/-/functions  
 
[debug] [2018-09-10T22:13:20.628Z] <<< HTTP RESPONSE 200
[debug] [2018-09-10T22:13:20.629Z] >>> HTTP REQUEST GET https://cloudfunctions.googleapis.com/v1/operations/dXVpZC1mdGgvdXMtY2VudHJhbDEvZ2hvc3QvNTFpa2tWc1VyOFU  
 
[debug] [2018-09-10T22:13:20.630Z] >>> HTTP REQUEST GET https://cloudfunctions.googleapis.com/v1/operations/dXVpZC1mdGgvdXMtY2VudHJhbDEvaGVsbG9Xb3JsZC9RUFBPWTZoZ2dzZw  
 
[debug] [2018-09-10T22:13:20.834Z] <<< HTTP RESPONSE 200
[debug] [2018-09-10T22:13:20.837Z] <<< HTTP RESPONSE 200
[debug] [2018-09-10T22:13:22.836Z] >>> HTTP REQUEST GET https://cloudfunctions.googleapis.com/v1/operations/dXVpZC1mdGgvdXMtY2VudHJhbDEvaGVsbG9Xb3JsZC9RUFBPWTZoZ2dzZw  
 
[debug] [2018-09-10T22:13:22.838Z] >>> HTTP REQUEST GET https://cloudfunctions.googleapis.com/v1/operations/dXVpZC1mdGgvdXMtY2VudHJhbDEvZ2hvc3QvNTFpa2tWc1VyOFU  
 
[debug] [2018-09-10T22:13:23.029Z] <<< HTTP RESPONSE 200
[debug] [2018-09-10T22:13:23.033Z] <<< HTTP RESPONSE 200
[debug] [2018-09-10T22:13:25.032Z] >>> HTTP REQUEST GET https://cloudfunctions.googleapis.com/v1/operations/dXVpZC1mdGgvdXMtY2VudHJhbDEvZ2hvc3QvNTFpa2tWc1VyOFU  
 
[debug] [2018-09-10T22:13:25.034Z] >>> HTTP REQUEST GET https://cloudfunctions.googleapis.com/v1/operations/dXVpZC1mdGgvdXMtY2VudHJhbDEvaGVsbG9Xb3JsZC9RUFBPWTZoZ2dzZw  
 
[debug] [2018-09-10T22:13:25.229Z] <<< HTTP RESPONSE 200
[debug] [2018-09-10T22:13:25.229Z] <<< HTTP RESPONSE 200
[info] ✔  functions[helloWorld(us-central1)]: Successful delete operation. 
[debug] [2018-09-10T22:13:27.232Z] >>> HTTP REQUEST GET https://cloudfunctions.googleapis.com/v1/operations/dXVpZC1mdGgvdXMtY2VudHJhbDEvZ2hvc3QvNTFpa2tWc1VyOFU  
 
[debug] [2018-09-10T22:13:27.425Z] <<< HTTP RESPONSE 200
